{"/Users/n/code/uniki/lib/uniki.js":{"path":"/Users/n/code/uniki/lib/uniki.js","s":{"1":1,"2":1,"3":4,"4":4,"5":4},"b":{"1":[4,2]},"f":{"1":4},"fnMap":{"1":{"name":"perma","line":3,"loc":{"start":{"line":3,"column":17},"end":{"line":3,"column":45}}}},"statementMap":{"1":{"start":{"line":1,"column":0},"end":{"line":1,"column":31}},"2":{"start":{"line":3,"column":0},"end":{"line":7,"column":1}},"3":{"start":{"line":4,"column":2},"end":{"line":4,"column":24}},"4":{"start":{"line":5,"column":2},"end":{"line":5,"column":78}},"5":{"start":{"line":6,"column":2},"end":{"line":6,"column":29}}},"branchMap":{"1":{"line":4,"type":"binary-expr","locations":[{"start":{"line":4,"column":12},"end":{"line":4,"column":18}},{"start":{"line":4,"column":22},"end":{"line":4,"column":23}}]}}}}